{"/Users/ricardo.pinho/projects/UncontrolledChat/frontend/src/App.css": {"path":"/Users/ricardo.pinho/projects/UncontrolledChat/frontend/src/App.css","statementMap":{},"fnMap":{},"branchMap":{},"s":{},"f":{},"b":{},"meta":{"lastBranch":0,"lastFunction":0,"lastStatement":0,"seen":{},"fnNames":{}}}
,"/Users/ricardo.pinho/projects/UncontrolledChat/frontend/src/App.tsx": {"path":"/Users/ricardo.pinho/projects/UncontrolledChat/frontend/src/App.tsx","statementMap":{"0":{"start":{"line":12,"column":14},"end":{"line":12,"column":null}},"1":{"start":{"line":16,"column":19},"end":{"line":16,"column":null}},"2":{"start":{"line":17,"column":19},"end":{"line":17,"column":null}},"3":{"start":{"line":18,"column":2},"end":{"line":18,"column":null}},"4":{"start":{"line":19,"column":2},"end":{"line":19,"column":null}},"5":{"start":{"line":20,"column":2},"end":{"line":22,"column":null}},"6":{"start":{"line":21,"column":4},"end":{"line":21,"column":null}},"7":{"start":{"line":26,"column":40},"end":{"line":26,"column":null}},"8":{"start":{"line":27,"column":32},"end":{"line":27,"column":null}},"9":{"start":{"line":28,"column":32},"end":{"line":28,"column":null}},"10":{"start":{"line":29,"column":19},"end":{"line":29,"column":null}},"11":{"start":{"line":31,"column":32},"end":{"line":36,"column":null}},"12":{"start":{"line":32,"column":4},"end":{"line":32,"column":null}},"13":{"start":{"line":33,"column":4},"end":{"line":33,"column":null}},"14":{"start":{"line":34,"column":4},"end":{"line":34,"column":null}},"15":{"start":{"line":34,"column":26},"end":{"line":34,"column":null}},"16":{"start":{"line":35,"column":4},"end":{"line":35,"column":null}},"17":{"start":{"line":35,"column":40},"end":{"line":35,"column":59}},"18":{"start":{"line":38,"column":2},"end":{"line":65,"column":null}},"19":{"start":{"line":48,"column":16},"end":{"line":48,"column":null}},"20":{"start":{"line":49,"column":16},"end":{"line":49,"column":null}},"21":{"start":{"line":57,"column":16},"end":{"line":57,"column":null}},"22":{"start":{"line":58,"column":16},"end":{"line":58,"column":null}}},"fnMap":{"0":{"name":"playLoadSound","decl":{"start":{"line":14,"column":9},"end":{"line":14,"column":25}},"loc":{"start":{"line":14,"column":25},"end":{"line":23,"column":null}},"line":14},"1":{"name":"(anonymous_1)","decl":{"start":{"line":19,"column":15},"end":{"line":19,"column":27}},"loc":{"start":{"line":19,"column":27},"end":{"line":19,"column":80}},"line":19},"2":{"name":"(anonymous_2)","decl":{"start":{"line":20,"column":2},"end":{"line":20,"column":19}},"loc":{"start":{"line":20,"column":19},"end":{"line":22,"column":5}},"line":20},"3":{"name":"App","decl":{"start":{"line":25,"column":9},"end":{"line":25,"column":15}},"loc":{"start":{"line":25,"column":15},"end":{"line":67,"column":null}},"line":25},"4":{"name":"(anonymous_4)","decl":{"start":{"line":31,"column":32},"end":{"line":31,"column":50}},"loc":{"start":{"line":31,"column":50},"end":{"line":36,"column":5}},"line":31},"5":{"name":"(anonymous_5)","decl":{"start":{"line":35,"column":23},"end":{"line":35,"column":40}},"loc":{"start":{"line":35,"column":40},"end":{"line":35,"column":59}},"line":35},"6":{"name":"(anonymous_6)","decl":{"start":{"line":47,"column":14},"end":{"line":47,"column":29}},"loc":{"start":{"line":47,"column":38},"end":{"line":50,"column":null}},"line":47},"7":{"name":"(anonymous_7)","decl":{"start":{"line":56,"column":14},"end":{"line":56,"column":30}},"loc":{"start":{"line":56,"column":30},"end":{"line":59,"column":null}},"line":56}},"branchMap":{"0":{"loc":{"start":{"line":16,"column":19},"end":{"line":16,"column":null}},"type":"binary-expr","locations":[{"start":{"line":16,"column":19},"end":{"line":16,"column":37}},{"start":{"line":16,"column":37},"end":{"line":16,"column":null}}],"line":16},"1":{"loc":{"start":{"line":34,"column":4},"end":{"line":34,"column":null}},"type":"if","locations":[{"start":{"line":34,"column":4},"end":{"line":34,"column":null}},{"start":{},"end":{}}],"line":34},"2":{"loc":{"start":{"line":39,"column":38},"end":{"line":39,"column":null}},"type":"cond-expr","locations":[{"start":{"line":39,"column":48},"end":{"line":39,"column":61}},{"start":{"line":39,"column":61},"end":{"line":39,"column":null}}],"line":39},"3":{"loc":{"start":{"line":45,"column":11},"end":{"line":63,"column":null}},"type":"cond-expr","locations":[{"start":{"line":46,"column":12},"end":{"line":53,"column":13}},{"start":{"line":53,"column":12},"end":{"line":63,"column":null}}],"line":45},"4":{"loc":{"start":{"line":45,"column":11},"end":{"line":45,"column":null}},"type":"binary-expr","locations":[{"start":{"line":45,"column":11},"end":{"line":45,"column":27}},{"start":{"line":45,"column":27},"end":{"line":45,"column":null}}],"line":45}},"s":{"0":2,"1":0,"2":0,"3":0,"4":0,"5":0,"6":0,"7":3,"8":3,"9":3,"10":3,"11":3,"12":0,"13":0,"14":0,"15":0,"16":0,"17":0,"18":3,"19":1,"20":1,"21":0,"22":0},"f":{"0":0,"1":0,"2":0,"3":3,"4":0,"5":0,"6":1,"7":0},"b":{"0":[0,0],"1":[0,0],"2":[0,3],"3":[2,1],"4":[3,1]},"meta":{"lastBranch":5,"lastFunction":8,"lastStatement":23,"seen":{"s:12:14:12:Infinity":0,"f:14:9:14:25":0,"s:16:19:16:Infinity":1,"b:16:19:16:37:16:37:16:Infinity":0,"s:17:19:17:Infinity":2,"s:18:2:18:Infinity":3,"s:19:2:19:Infinity":4,"f:19:15:19:27":1,"s:20:2:22:Infinity":5,"f:20:2:20:19":2,"s:21:4:21:Infinity":6,"f:25:9:25:15":3,"s:26:40:26:Infinity":7,"s:27:32:27:Infinity":8,"s:28:32:28:Infinity":9,"s:29:19:29:Infinity":10,"s:31:32:36:Infinity":11,"f:31:32:31:50":4,"s:32:4:32:Infinity":12,"s:33:4:33:Infinity":13,"b:34:4:34:Infinity:undefined:undefined:undefined:undefined":1,"s:34:4:34:Infinity":14,"s:34:26:34:Infinity":15,"s:35:4:35:Infinity":16,"f:35:23:35:40":5,"s:35:40:35:59":17,"s:38:2:65:Infinity":18,"b:39:48:39:61:39:61:39:Infinity":2,"b:46:12:53:13:53:12:63:Infinity":3,"b:45:11:45:27:45:27:45:Infinity":4,"f:47:14:47:29":6,"s:48:16:48:Infinity":19,"s:49:16:49:Infinity":20,"f:56:14:56:30":7,"s:57:16:57:Infinity":21,"s:58:16:58:Infinity":22},"fnNames":{}}}
,"/Users/ricardo.pinho/projects/UncontrolledChat/frontend/src/components/ChatInput.css": {"path":"/Users/ricardo.pinho/projects/UncontrolledChat/frontend/src/components/ChatInput.css","statementMap":{},"fnMap":{},"branchMap":{},"s":{},"f":{},"b":{},"meta":{"lastBranch":0,"lastFunction":0,"lastStatement":0,"seen":{},"fnNames":{}}}
,"/Users/ricardo.pinho/projects/UncontrolledChat/frontend/src/components/ChatInput.tsx": {"path":"/Users/ricardo.pinho/projects/UncontrolledChat/frontend/src/components/ChatInput.tsx","statementMap":{"0":{"start":{"line":22,"column":18},"end":{"line":173,"column":null}},"1":{"start":{"line":29,"column":32},"end":{"line":29,"column":null}},"2":{"start":{"line":30,"column":38},"end":{"line":30,"column":null}},"3":{"start":{"line":31,"column":32},"end":{"line":31,"column":null}},"4":{"start":{"line":32,"column":28},"end":{"line":32,"column":null}},"5":{"start":{"line":33,"column":23},"end":{"line":33,"column":null}},"6":{"start":{"line":34,"column":23},"end":{"line":34,"column":null}},"7":{"start":{"line":36,"column":2},"end":{"line":38,"column":null}},"8":{"start":{"line":36,"column":34},"end":{"line":38,"column":4}},"9":{"start":{"line":37,"column":17},"end":{"line":37,"column":null}},"10":{"start":{"line":41,"column":2},"end":{"line":45,"column":null}},"11":{"start":{"line":42,"column":4},"end":{"line":44,"column":null}},"12":{"start":{"line":43,"column":6},"end":{"line":43,"column":null}},"13":{"start":{"line":47,"column":2},"end":{"line":56,"column":null}},"14":{"start":{"line":48,"column":4},"end":{"line":51,"column":null}},"15":{"start":{"line":49,"column":6},"end":{"line":49,"column":null}},"16":{"start":{"line":50,"column":6},"end":{"line":50,"column":null}},"17":{"start":{"line":52,"column":16},"end":{"line":52,"column":null}},"18":{"start":{"line":53,"column":4},"end":{"line":53,"column":null}},"19":{"start":{"line":55,"column":4},"end":{"line":55,"column":null}},"20":{"start":{"line":55,"column":17},"end":{"line":55,"column":null}},"21":{"start":{"line":58,"column":8},"end":{"line":70,"column":null}},"22":{"start":{"line":59,"column":4},"end":{"line":59,"column":null}},"23":{"start":{"line":60,"column":4},"end":{"line":60,"column":null}},"24":{"start":{"line":60,"column":15},"end":{"line":60,"column":null}},"25":{"start":{"line":61,"column":4},"end":{"line":64,"column":null}},"26":{"start":{"line":62,"column":6},"end":{"line":62,"column":null}},"27":{"start":{"line":63,"column":6},"end":{"line":63,"column":null}},"28":{"start":{"line":65,"column":4},"end":{"line":68,"column":null}},"29":{"start":{"line":66,"column":6},"end":{"line":66,"column":null}},"30":{"start":{"line":67,"column":6},"end":{"line":67,"column":null}},"31":{"start":{"line":69,"column":4},"end":{"line":69,"column":null}},"32":{"start":{"line":72,"column":8},"end":{"line":75,"column":null}},"33":{"start":{"line":73,"column":4},"end":{"line":73,"column":null}},"34":{"start":{"line":74,"column":4},"end":{"line":74,"column":null}},"35":{"start":{"line":74,"column":30},"end":{"line":74,"column":null}},"36":{"start":{"line":77,"column":23},"end":{"line":101,"column":null}},"37":{"start":{"line":78,"column":4},"end":{"line":78,"column":null}},"38":{"start":{"line":79,"column":4},"end":{"line":79,"column":null}},"39":{"start":{"line":79,"column":29},"end":{"line":79,"column":null}},"40":{"start":{"line":81,"column":4},"end":{"line":94,"column":null}},"41":{"start":{"line":82,"column":6},"end":{"line":82,"column":null}},"42":{"start":{"line":83,"column":6},"end":{"line":92,"column":null}},"43":{"start":{"line":84,"column":8},"end":{"line":84,"column":null}},"44":{"start":{"line":85,"column":8},"end":{"line":85,"column":null}},"45":{"start":{"line":86,"column":8},"end":{"line":86,"column":null}},"46":{"start":{"line":88,"column":8},"end":{"line":88,"column":null}},"47":{"start":{"line":89,"column":8},"end":{"line":89,"column":null}},"48":{"start":{"line":91,"column":8},"end":{"line":91,"column":null}},"49":{"start":{"line":93,"column":6},"end":{"line":93,"column":null}},"50":{"start":{"line":96,"column":4},"end":{"line":100,"column":null}},"51":{"start":{"line":97,"column":6},"end":{"line":97,"column":null}},"52":{"start":{"line":98,"column":6},"end":{"line":98,"column":null}},"53":{"start":{"line":99,"column":6},"end":{"line":99,"column":null}},"54":{"start":{"line":103,"column":8},"end":{"line":108,"column":null}},"55":{"start":{"line":104,"column":4},"end":{"line":107,"column":null}},"56":{"start":{"line":105,"column":6},"end":{"line":105,"column":null}},"57":{"start":{"line":106,"column":6},"end":{"line":106,"column":null}},"58":{"start":{"line":110,"column":18},"end":{"line":110,"column":null}},"59":{"start":{"line":112,"column":2},"end":{"line":171,"column":null}},"60":{"start":{"line":142,"column":25},"end":{"line":142,"column":null}},"61":{"start":{"line":154,"column":27},"end":{"line":154,"column":null}},"62":{"start":{"line":161,"column":27},"end":{"line":161,"column":null}}},"fnMap":{"0":{"name":"ChatInput","decl":{"start":{"line":22,"column":71},"end":{"line":22,"column":81}},"loc":{"start":{"line":28,"column":8},"end":{"line":173,"column":1}},"line":28},"1":{"name":"(anonymous_1)","decl":{"start":{"line":36,"column":22},"end":{"line":36,"column":34}},"loc":{"start":{"line":36,"column":34},"end":{"line":38,"column":4}},"line":36},"2":{"name":"(anonymous_2)","decl":{"start":{"line":37,"column":4},"end":{"line":37,"column":17}},"loc":{"start":{"line":37,"column":17},"end":{"line":37,"column":null}},"line":37},"3":{"name":"(anonymous_3)","decl":{"start":{"line":41,"column":2},"end":{"line":41,"column":18}},"loc":{"start":{"line":41,"column":18},"end":{"line":45,"column":5}},"line":41},"4":{"name":"(anonymous_4)","decl":{"start":{"line":47,"column":2},"end":{"line":47,"column":18}},"loc":{"start":{"line":47,"column":18},"end":{"line":56,"column":5}},"line":47},"5":{"name":"(anonymous_5)","decl":{"start":{"line":55,"column":4},"end":{"line":55,"column":17}},"loc":{"start":{"line":55,"column":17},"end":{"line":55,"column":null}},"line":55},"6":{"name":"(anonymous_6)","decl":{"start":{"line":58,"column":8},"end":{"line":58,"column":28}},"loc":{"start":{"line":58,"column":62},"end":{"line":70,"column":null}},"line":58},"7":{"name":"(anonymous_7)","decl":{"start":{"line":72,"column":8},"end":{"line":72,"column":29}},"loc":{"start":{"line":72,"column":29},"end":{"line":75,"column":null}},"line":72},"8":{"name":"(anonymous_8)","decl":{"start":{"line":77,"column":23},"end":{"line":77,"column":30}},"loc":{"start":{"line":77,"column":53},"end":{"line":101,"column":null}},"line":77},"9":{"name":"(anonymous_9)","decl":{"start":{"line":103,"column":8},"end":{"line":103,"column":26}},"loc":{"start":{"line":103,"column":53},"end":{"line":108,"column":null}},"line":103},"10":{"name":"(anonymous_10)","decl":{"start":{"line":142,"column":10},"end":{"line":142,"column":25}},"loc":{"start":{"line":142,"column":25},"end":{"line":142,"column":null}},"line":142},"11":{"name":"(anonymous_11)","decl":{"start":{"line":154,"column":10},"end":{"line":154,"column":21}},"loc":{"start":{"line":154,"column":27},"end":{"line":154,"column":null}},"line":154},"12":{"name":"(anonymous_12)","decl":{"start":{"line":161,"column":10},"end":{"line":161,"column":21}},"loc":{"start":{"line":161,"column":27},"end":{"line":161,"column":null}},"line":161}},"branchMap":{"0":{"loc":{"start":{"line":42,"column":4},"end":{"line":44,"column":null}},"type":"if","locations":[{"start":{"line":42,"column":4},"end":{"line":44,"column":null}},{"start":{},"end":{}}],"line":42},"1":{"loc":{"start":{"line":42,"column":8},"end":{"line":42,"column":31}},"type":"binary-expr","locations":[{"start":{"line":42,"column":8},"end":{"line":42,"column":21}},{"start":{"line":42,"column":21},"end":{"line":42,"column":31}}],"line":42},"2":{"loc":{"start":{"line":48,"column":4},"end":{"line":51,"column":null}},"type":"if","locations":[{"start":{"line":48,"column":4},"end":{"line":51,"column":null}},{"start":{},"end":{}}],"line":48},"3":{"loc":{"start":{"line":60,"column":4},"end":{"line":60,"column":null}},"type":"if","locations":[{"start":{"line":60,"column":4},"end":{"line":60,"column":null}},{"start":{},"end":{}}],"line":60},"4":{"loc":{"start":{"line":61,"column":4},"end":{"line":64,"column":null}},"type":"if","locations":[{"start":{"line":61,"column":4},"end":{"line":64,"column":null}},{"start":{},"end":{}}],"line":61},"5":{"loc":{"start":{"line":65,"column":4},"end":{"line":68,"column":null}},"type":"if","locations":[{"start":{"line":65,"column":4},"end":{"line":68,"column":null}},{"start":{},"end":{}}],"line":65},"6":{"loc":{"start":{"line":74,"column":4},"end":{"line":74,"column":null}},"type":"if","locations":[{"start":{"line":74,"column":4},"end":{"line":74,"column":null}},{"start":{},"end":{}}],"line":74},"7":{"loc":{"start":{"line":79,"column":4},"end":{"line":79,"column":null}},"type":"if","locations":[{"start":{"line":79,"column":4},"end":{"line":79,"column":null}},{"start":{},"end":{}}],"line":79},"8":{"loc":{"start":{"line":79,"column":8},"end":{"line":79,"column":29}},"type":"binary-expr","locations":[{"start":{"line":79,"column":8},"end":{"line":79,"column":20}},{"start":{"line":79,"column":20},"end":{"line":79,"column":29}}],"line":79},"9":{"loc":{"start":{"line":81,"column":4},"end":{"line":94,"column":null}},"type":"if","locations":[{"start":{"line":81,"column":4},"end":{"line":94,"column":null}},{"start":{},"end":{}}],"line":81},"10":{"loc":{"start":{"line":96,"column":4},"end":{"line":100,"column":null}},"type":"if","locations":[{"start":{"line":96,"column":4},"end":{"line":100,"column":null}},{"start":{},"end":{}}],"line":96},"11":{"loc":{"start":{"line":104,"column":4},"end":{"line":107,"column":null}},"type":"if","locations":[{"start":{"line":104,"column":4},"end":{"line":107,"column":null}},{"start":{},"end":{}}],"line":104},"12":{"loc":{"start":{"line":104,"column":8},"end":{"line":104,"column":42}},"type":"binary-expr","locations":[{"start":{"line":104,"column":8},"end":{"line":104,"column":29}},{"start":{"line":104,"column":29},"end":{"line":104,"column":42}}],"line":104},"13":{"loc":{"start":{"line":110,"column":18},"end":{"line":110,"column":null}},"type":"binary-expr","locations":[{"start":{"line":110,"column":18},"end":{"line":110,"column":31}},{"start":{"line":110,"column":31},"end":{"line":110,"column":44}},{"start":{"line":110,"column":44},"end":{"line":110,"column":59}},{"start":{"line":110,"column":59},"end":{"line":110,"column":null}}],"line":110},"14":{"loc":{"start":{"line":114,"column":7},"end":{"line":114,"column":null}},"type":"binary-expr","locations":[{"start":{"line":114,"column":7},"end":{"line":114,"column":16}},{"start":{"line":114,"column":16},"end":{"line":114,"column":null}}],"line":114},"15":{"loc":{"start":{"line":115,"column":7},"end":{"line":136,"column":null}},"type":"binary-expr","locations":[{"start":{"line":115,"column":7},"end":{"line":115,"column":22}},{"start":{"line":115,"column":22},"end":{"line":115,"column":null}},{"start":{"line":116,"column":8},"end":{"line":136,"column":null}}],"line":115},"16":{"loc":{"start":{"line":117,"column":11},"end":{"line":120,"column":null}},"type":"cond-expr","locations":[{"start":{"line":118,"column":12},"end":{"line":120,"column":13}},{"start":{"line":120,"column":12},"end":{"line":120,"column":null}}],"line":117},"17":{"loc":{"start":{"line":143,"column":20},"end":{"line":143,"column":null}},"type":"binary-expr","locations":[{"start":{"line":143,"column":20},"end":{"line":143,"column":32}},{"start":{"line":143,"column":32},"end":{"line":143,"column":null}}],"line":143},"18":{"loc":{"start":{"line":163,"column":23},"end":{"line":163,"column":null}},"type":"cond-expr","locations":[{"start":{"line":163,"column":37},"end":{"line":163,"column":58}},{"start":{"line":163,"column":58},"end":{"line":163,"column":null}}],"line":163},"19":{"loc":{"start":{"line":164,"column":20},"end":{"line":164,"column":null}},"type":"binary-expr","locations":[{"start":{"line":164,"column":20},"end":{"line":164,"column":32}},{"start":{"line":164,"column":32},"end":{"line":164,"column":null}}],"line":164},"20":{"loc":{"start":{"line":168,"column":11},"end":{"line":168,"column":null}},"type":"cond-expr","locations":[{"start":{"line":168,"column":21},"end":{"line":168,"column":29}},{"start":{"line":168,"column":29},"end":{"line":168,"column":null}}],"line":168}},"s":{"0":1,"1":17,"2":17,"3":17,"4":17,"5":17,"6":17,"7":17,"8":0,"9":0,"10":17,"11":3,"12":3,"13":17,"14":3,"15":2,"16":2,"17":1,"18":1,"19":1,"20":1,"21":17,"22":0,"23":0,"24":0,"25":0,"26":0,"27":0,"28":0,"29":0,"30":0,"31":0,"32":17,"33":1,"34":1,"35":1,"36":17,"37":1,"38":1,"39":0,"40":1,"41":0,"42":0,"43":0,"44":0,"45":0,"46":0,"47":0,"48":0,"49":0,"50":1,"51":1,"52":1,"53":1,"54":17,"55":11,"56":0,"57":0,"58":17,"59":17,"60":0,"61":0,"62":11},"f":{"0":17,"1":0,"2":0,"3":3,"4":3,"5":1,"6":0,"7":1,"8":1,"9":11,"10":0,"11":0,"12":11},"b":{"0":[3,0],"1":[3,3],"2":[2,1],"3":[0,0],"4":[0,0],"5":[0,0],"6":[1,0],"7":[0,1],"8":[1,1],"9":[0,1],"10":[1,0],"11":[0,11],"12":[11,0],"13":[17,17,17,15],"14":[17,0],"15":[17,2,1],"16":[1,0],"17":[17,17],"18":[2,15],"19":[17,17],"20":[0,17]},"meta":{"lastBranch":21,"lastFunction":13,"lastStatement":63,"seen":{"s:22:18:173:Infinity":0,"f:22:71:22:81":0,"s:29:32:29:Infinity":1,"s:30:38:30:Infinity":2,"s:31:32:31:Infinity":3,"s:32:28:32:Infinity":4,"s:33:23:33:Infinity":5,"s:34:23:34:Infinity":6,"s:36:2:38:Infinity":7,"f:36:22:36:34":1,"s:36:34:38:4":8,"f:37:4:37:17":2,"s:37:17:37:Infinity":9,"s:41:2:45:Infinity":10,"f:41:2:41:18":3,"b:42:4:44:Infinity:undefined:undefined:undefined:undefined":0,"s:42:4:44:Infinity":11,"b:42:8:42:21:42:21:42:31":1,"s:43:6:43:Infinity":12,"s:47:2:56:Infinity":13,"f:47:2:47:18":4,"b:48:4:51:Infinity:undefined:undefined:undefined:undefined":2,"s:48:4:51:Infinity":14,"s:49:6:49:Infinity":15,"s:50:6:50:Infinity":16,"s:52:16:52:Infinity":17,"s:53:4:53:Infinity":18,"s:55:4:55:Infinity":19,"f:55:4:55:17":5,"s:55:17:55:Infinity":20,"s:58:8:70:Infinity":21,"f:58:8:58:28":6,"s:59:4:59:Infinity":22,"b:60:4:60:Infinity:undefined:undefined:undefined:undefined":3,"s:60:4:60:Infinity":23,"s:60:15:60:Infinity":24,"b:61:4:64:Infinity:undefined:undefined:undefined:undefined":4,"s:61:4:64:Infinity":25,"s:62:6:62:Infinity":26,"s:63:6:63:Infinity":27,"b:65:4:68:Infinity:undefined:undefined:undefined:undefined":5,"s:65:4:68:Infinity":28,"s:66:6:66:Infinity":29,"s:67:6:67:Infinity":30,"s:69:4:69:Infinity":31,"s:72:8:75:Infinity":32,"f:72:8:72:29":7,"s:73:4:73:Infinity":33,"b:74:4:74:Infinity:undefined:undefined:undefined:undefined":6,"s:74:4:74:Infinity":34,"s:74:30:74:Infinity":35,"s:77:23:101:Infinity":36,"f:77:23:77:30":8,"s:78:4:78:Infinity":37,"b:79:4:79:Infinity:undefined:undefined:undefined:undefined":7,"s:79:4:79:Infinity":38,"b:79:8:79:20:79:20:79:29":8,"s:79:29:79:Infinity":39,"b:81:4:94:Infinity:undefined:undefined:undefined:undefined":9,"s:81:4:94:Infinity":40,"s:82:6:82:Infinity":41,"s:83:6:92:Infinity":42,"s:84:8:84:Infinity":43,"s:85:8:85:Infinity":44,"s:86:8:86:Infinity":45,"s:88:8:88:Infinity":46,"s:89:8:89:Infinity":47,"s:91:8:91:Infinity":48,"s:93:6:93:Infinity":49,"b:96:4:100:Infinity:undefined:undefined:undefined:undefined":10,"s:96:4:100:Infinity":50,"s:97:6:97:Infinity":51,"s:98:6:98:Infinity":52,"s:99:6:99:Infinity":53,"s:103:8:108:Infinity":54,"f:103:8:103:26":9,"b:104:4:107:Infinity:undefined:undefined:undefined:undefined":11,"s:104:4:107:Infinity":55,"b:104:8:104:29:104:29:104:42":12,"s:105:6:105:Infinity":56,"s:106:6:106:Infinity":57,"s:110:18:110:Infinity":58,"b:110:18:110:31:110:31:110:44:110:44:110:59:110:59:110:Infinity":13,"s:112:2:171:Infinity":59,"b:114:7:114:16:114:16:114:Infinity":14,"b:115:7:115:22:115:22:115:Infinity:116:8:136:Infinity":15,"b:118:12:120:13:120:12:120:Infinity":16,"f:142:10:142:25":10,"s:142:25:142:Infinity":60,"b:143:20:143:32:143:32:143:Infinity":17,"f:154:10:154:21":11,"s:154:27:154:Infinity":61,"f:161:10:161:21":12,"s:161:27:161:Infinity":62,"b:163:37:163:58:163:58:163:Infinity":18,"b:164:20:164:32:164:32:164:Infinity":19,"b:168:21:168:29:168:29:168:Infinity":20},"fnNames":{}}}
,"/Users/ricardo.pinho/projects/UncontrolledChat/frontend/src/components/MessageList.css": {"path":"/Users/ricardo.pinho/projects/UncontrolledChat/frontend/src/components/MessageList.css","statementMap":{},"fnMap":{},"branchMap":{},"s":{},"f":{},"b":{},"meta":{"lastBranch":0,"lastFunction":0,"lastStatement":0,"seen":{},"fnNames":{}}}
,"/Users/ricardo.pinho/projects/UncontrolledChat/frontend/src/components/MessageList.tsx": {"path":"/Users/ricardo.pinho/projects/UncontrolledChat/frontend/src/components/MessageList.tsx","statementMap":{"0":{"start":{"line":43,"column":2},"end":{"line":43,"column":null}},"1":{"start":{"line":47,"column":2},"end":{"line":47,"column":null}},"2":{"start":{"line":50,"column":20},"end":{"line":53,"column":null}},"3":{"start":{"line":56,"column":13},"end":{"line":56,"column":null}},"4":{"start":{"line":57,"column":2},"end":{"line":59,"column":null}},"5":{"start":{"line":57,"column":15},"end":{"line":57,"column":18}},"6":{"start":{"line":58,"column":4},"end":{"line":58,"column":null}},"7":{"start":{"line":60,"column":2},"end":{"line":60,"column":null}},"8":{"start":{"line":63,"column":31},"end":{"line":63,"column":null}},"9":{"start":{"line":66,"column":36},"end":{"line":66,"column":null}},"10":{"start":{"line":67,"column":19},"end":{"line":67,"column":null}},"11":{"start":{"line":69,"column":2},"end":{"line":80,"column":null}},"12":{"start":{"line":70,"column":4},"end":{"line":70,"column":null}},"13":{"start":{"line":70,"column":15},"end":{"line":70,"column":null}},"14":{"start":{"line":71,"column":4},"end":{"line":71,"column":null}},"15":{"start":{"line":72,"column":4},"end":{"line":72,"column":null}},"16":{"start":{"line":73,"column":21},"end":{"line":73,"column":null}},"17":{"start":{"line":74,"column":18},"end":{"line":78,"column":null}},"18":{"start":{"line":75,"column":6},"end":{"line":75,"column":null}},"19":{"start":{"line":76,"column":6},"end":{"line":76,"column":null}},"20":{"start":{"line":77,"column":6},"end":{"line":77,"column":null}},"21":{"start":{"line":77,"column":43},"end":{"line":77,"column":null}},"22":{"start":{"line":79,"column":4},"end":{"line":79,"column":null}},"23":{"start":{"line":79,"column":17},"end":{"line":79,"column":null}},"24":{"start":{"line":82,"column":2},"end":{"line":88,"column":null}},"25":{"start":{"line":93,"column":34},"end":{"line":93,"column":null}},"26":{"start":{"line":95,"column":2},"end":{"line":104,"column":null}},"27":{"start":{"line":96,"column":4},"end":{"line":102,"column":null}},"28":{"start":{"line":106,"column":45},"end":{"line":106,"column":null}},"29":{"start":{"line":108,"column":2},"end":{"line":136,"column":null}},"30":{"start":{"line":119,"column":27},"end":{"line":119,"column":null}},"31":{"start":{"line":132,"column":55},"end":{"line":132,"column":null}},"32":{"start":{"line":141,"column":25},"end":{"line":141,"column":null}},"33":{"start":{"line":143,"column":2},"end":{"line":145,"column":null}},"34":{"start":{"line":144,"column":4},"end":{"line":144,"column":null}},"35":{"start":{"line":147,"column":2},"end":{"line":185,"column":null}},"36":{"start":{"line":150,"column":8},"end":{"line":156,"column":null}},"37":{"start":{"line":151,"column":10},"end":{"line":154,"column":null}},"38":{"start":{"line":158,"column":8},"end":{"line":165,"column":null}},"39":{"start":{"line":159,"column":25},"end":{"line":159,"column":null}},"40":{"start":{"line":160,"column":10},"end":{"line":163,"column":null}},"41":{"start":{"line":167,"column":8},"end":{"line":169,"column":null}},"42":{"start":{"line":168,"column":10},"end":{"line":168,"column":null}},"43":{"start":{"line":171,"column":8},"end":{"line":181,"column":null}}},"fnMap":{"0":{"name":"isSystem","decl":{"start":{"line":42,"column":9},"end":{"line":42,"column":18}},"loc":{"start":{"line":42,"column":58},"end":{"line":44,"column":null}},"line":42},"1":{"name":"isLocal","decl":{"start":{"line":46,"column":9},"end":{"line":46,"column":17}},"loc":{"start":{"line":46,"column":56},"end":{"line":48,"column":null}},"line":46},"2":{"name":"nickColor","decl":{"start":{"line":55,"column":9},"end":{"line":55,"column":19}},"loc":{"start":{"line":55,"column":45},"end":{"line":61,"column":null}},"line":55},"3":{"name":"TypewriterText","decl":{"start":{"line":65,"column":9},"end":{"line":65,"column":24}},"loc":{"start":{"line":65,"column":52},"end":{"line":90,"column":null}},"line":65},"4":{"name":"(anonymous_4)","decl":{"start":{"line":69,"column":2},"end":{"line":69,"column":18}},"loc":{"start":{"line":69,"column":18},"end":{"line":80,"column":5}},"line":69},"5":{"name":"(anonymous_5)","decl":{"start":{"line":74,"column":18},"end":{"line":74,"column":36}},"loc":{"start":{"line":74,"column":36},"end":{"line":78,"column":7}},"line":74},"6":{"name":"(anonymous_6)","decl":{"start":{"line":79,"column":4},"end":{"line":79,"column":17}},"loc":{"start":{"line":79,"column":17},"end":{"line":79,"column":null}},"line":79},"7":{"name":"MediaLine","decl":{"start":{"line":92,"column":9},"end":{"line":92,"column":19}},"loc":{"start":{"line":92,"column":51},"end":{"line":138,"column":null}},"line":92},"8":{"name":"(anonymous_8)","decl":{"start":{"line":119,"column":12},"end":{"line":119,"column":27}},"loc":{"start":{"line":119,"column":27},"end":{"line":119,"column":null}},"line":119},"9":{"name":"(anonymous_9)","decl":{"start":{"line":132,"column":40},"end":{"line":132,"column":55}},"loc":{"start":{"line":132,"column":55},"end":{"line":132,"column":null}},"line":132},"10":{"name":"MessageList","decl":{"start":{"line":140,"column":24},"end":{"line":140,"column":36}},"loc":{"start":{"line":140,"column":68},"end":{"line":187,"column":null}},"line":140},"11":{"name":"(anonymous_11)","decl":{"start":{"line":143,"column":2},"end":{"line":143,"column":18}},"loc":{"start":{"line":143,"column":18},"end":{"line":145,"column":5}},"line":143},"12":{"name":"(anonymous_12)","decl":{"start":{"line":149,"column":16},"end":{"line":149,"column":21}},"loc":{"start":{"line":149,"column":29},"end":{"line":183,"column":7}},"line":149}},"branchMap":{"0":{"loc":{"start":{"line":43,"column":9},"end":{"line":43,"column":null}},"type":"binary-expr","locations":[{"start":{"line":43,"column":9},"end":{"line":43,"column":27}},{"start":{"line":43,"column":27},"end":{"line":43,"column":57}},{"start":{"line":43,"column":57},"end":{"line":43,"column":null}}],"line":43},"1":{"loc":{"start":{"line":47,"column":9},"end":{"line":47,"column":null}},"type":"binary-expr","locations":[{"start":{"line":47,"column":9},"end":{"line":47,"column":26}},{"start":{"line":47,"column":26},"end":{"line":47,"column":51}},{"start":{"line":47,"column":51},"end":{"line":47,"column":null}}],"line":47},"2":{"loc":{"start":{"line":70,"column":4},"end":{"line":70,"column":null}},"type":"if","locations":[{"start":{"line":70,"column":4},"end":{"line":70,"column":null}},{"start":{},"end":{}}],"line":70},"3":{"loc":{"start":{"line":77,"column":6},"end":{"line":77,"column":null}},"type":"if","locations":[{"start":{"line":77,"column":6},"end":{"line":77,"column":null}},{"start":{},"end":{}}],"line":77},"4":{"loc":{"start":{"line":85,"column":7},"end":{"line":88,"column":null}},"type":"binary-expr","locations":[{"start":{"line":85,"column":7},"end":{"line":85,"column":null}},{"start":{"line":86,"column":8},"end":{"line":88,"column":null}}],"line":85},"5":{"loc":{"start":{"line":95,"column":2},"end":{"line":104,"column":null}},"type":"if","locations":[{"start":{"line":95,"column":2},"end":{"line":104,"column":null}},{"start":{},"end":{}}],"line":95},"6":{"loc":{"start":{"line":114,"column":9},"end":{"line":124,"column":9}},"type":"cond-expr","locations":[{"start":{"line":115,"column":10},"end":{"line":122,"column":11}},{"start":{"line":122,"column":10},"end":{"line":124,"column":9}}],"line":114},"7":{"loc":{"start":{"line":125,"column":11},"end":{"line":125,"column":null}},"type":"cond-expr","locations":[{"start":{"line":125,"column":21},"end":{"line":125,"column":null}},{"start":{"line":125,"column":77},"end":{"line":125,"column":null}}],"line":125},"8":{"loc":{"start":{"line":131,"column":7},"end":{"line":134,"column":null}},"type":"binary-expr","locations":[{"start":{"line":131,"column":7},"end":{"line":131,"column":19}},{"start":{"line":131,"column":19},"end":{"line":131,"column":null}},{"start":{"line":132,"column":8},"end":{"line":134,"column":null}}],"line":131},"9":{"loc":{"start":{"line":150,"column":8},"end":{"line":156,"column":null}},"type":"if","locations":[{"start":{"line":150,"column":8},"end":{"line":156,"column":null}},{"start":{},"end":{}}],"line":150},"10":{"loc":{"start":{"line":158,"column":8},"end":{"line":165,"column":null}},"type":"if","locations":[{"start":{"line":158,"column":8},"end":{"line":165,"column":null}},{"start":{},"end":{}}],"line":158},"11":{"loc":{"start":{"line":159,"column":25},"end":{"line":159,"column":null}},"type":"cond-expr","locations":[{"start":{"line":159,"column":54},"end":{"line":159,"column":69}},{"start":{"line":159,"column":69},"end":{"line":159,"column":null}}],"line":159},"12":{"loc":{"start":{"line":167,"column":8},"end":{"line":169,"column":null}},"type":"if","locations":[{"start":{"line":167,"column":8},"end":{"line":169,"column":null}},{"start":{},"end":{}}],"line":167},"13":{"loc":{"start":{"line":177,"column":15},"end":{"line":179,"column":null}},"type":"cond-expr","locations":[{"start":{"line":178,"column":18},"end":{"line":179,"column":22}},{"start":{"line":179,"column":18},"end":{"line":179,"column":null}}],"line":177}},"s":{"0":4,"1":4,"2":1,"3":2,"4":2,"5":2,"6":10,"7":2,"8":1,"9":0,"10":0,"11":0,"12":0,"13":0,"14":0,"15":0,"16":0,"17":0,"18":0,"19":0,"20":0,"21":0,"22":0,"23":0,"24":0,"25":1,"26":1,"27":1,"28":0,"29":0,"30":0,"31":0,"32":3,"33":3,"34":3,"35":3,"36":4,"37":0,"38":4,"39":2,"40":2,"41":2,"42":1,"43":1},"f":{"0":4,"1":4,"2":2,"3":0,"4":0,"5":0,"6":0,"7":1,"8":0,"9":0,"10":3,"11":3,"12":4},"b":{"0":[4,2,1],"1":[4,2,0],"2":[0,0],"3":[0,0],"4":[0,0],"5":[1,0],"6":[0,0],"7":[0,0],"8":[1,0,0],"9":[0,4],"10":[2,2],"11":[1,1],"12":[1,1],"13":[0,1]},"meta":{"lastBranch":14,"lastFunction":13,"lastStatement":44,"seen":{"f:42:9:42:18":0,"s:43:2:43:Infinity":0,"b:43:9:43:27:43:27:43:57:43:57:43:Infinity":0,"f:46:9:46:17":1,"s:47:2:47:Infinity":1,"b:47:9:47:26:47:26:47:51:47:51:47:Infinity":1,"s:50:20:53:Infinity":2,"f:55:9:55:19":2,"s:56:13:56:Infinity":3,"s:57:2:59:Infinity":4,"s:57:15:57:18":5,"s:58:4:58:Infinity":6,"s:60:2:60:Infinity":7,"s:63:31:63:Infinity":8,"f:65:9:65:24":3,"s:66:36:66:Infinity":9,"s:67:19:67:Infinity":10,"s:69:2:80:Infinity":11,"f:69:2:69:18":4,"b:70:4:70:Infinity:undefined:undefined:undefined:undefined":2,"s:70:4:70:Infinity":12,"s:70:15:70:Infinity":13,"s:71:4:71:Infinity":14,"s:72:4:72:Infinity":15,"s:73:21:73:Infinity":16,"s:74:18:78:Infinity":17,"f:74:18:74:36":5,"s:75:6:75:Infinity":18,"s:76:6:76:Infinity":19,"b:77:6:77:Infinity:undefined:undefined:undefined:undefined":3,"s:77:6:77:Infinity":20,"s:77:43:77:Infinity":21,"s:79:4:79:Infinity":22,"f:79:4:79:17":6,"s:79:17:79:Infinity":23,"s:82:2:88:Infinity":24,"b:85:7:85:Infinity:86:8:88:Infinity":4,"f:92:9:92:19":7,"s:93:34:93:Infinity":25,"b:95:2:104:Infinity:undefined:undefined:undefined:undefined":5,"s:95:2:104:Infinity":26,"s:96:4:102:Infinity":27,"s:106:45:106:Infinity":28,"s:108:2:136:Infinity":29,"b:115:10:122:11:122:10:124:9":6,"f:119:12:119:27":8,"s:119:27:119:Infinity":30,"b:125:21:125:Infinity:125:77:125:Infinity":7,"b:131:7:131:19:131:19:131:Infinity:132:8:134:Infinity":8,"f:132:40:132:55":9,"s:132:55:132:Infinity":31,"f:140:24:140:36":10,"s:141:25:141:Infinity":32,"s:143:2:145:Infinity":33,"f:143:2:143:18":11,"s:144:4:144:Infinity":34,"s:147:2:185:Infinity":35,"f:149:16:149:21":12,"b:150:8:156:Infinity:undefined:undefined:undefined:undefined":9,"s:150:8:156:Infinity":36,"s:151:10:154:Infinity":37,"b:158:8:165:Infinity:undefined:undefined:undefined:undefined":10,"s:158:8:165:Infinity":38,"s:159:25:159:Infinity":39,"b:159:54:159:69:159:69:159:Infinity":11,"s:160:10:163:Infinity":40,"b:167:8:169:Infinity:undefined:undefined:undefined:undefined":12,"s:167:8:169:Infinity":41,"s:168:10:168:Infinity":42,"s:171:8:181:Infinity":43,"b:178:18:179:22:179:18:179:Infinity":13},"fnNames":{}}}
,"/Users/ricardo.pinho/projects/UncontrolledChat/frontend/src/components/UserJoin.css": {"path":"/Users/ricardo.pinho/projects/UncontrolledChat/frontend/src/components/UserJoin.css","statementMap":{},"fnMap":{},"branchMap":{},"s":{},"f":{},"b":{},"meta":{"lastBranch":0,"lastFunction":0,"lastStatement":0,"seen":{},"fnNames":{}}}
,"/Users/ricardo.pinho/projects/UncontrolledChat/frontend/src/components/UserJoin.tsx": {"path":"/Users/ricardo.pinho/projects/UncontrolledChat/frontend/src/components/UserJoin.tsx","statementMap":{"0":{"start":{"line":15,"column":34},"end":{"line":15,"column":null}},"1":{"start":{"line":16,"column":38},"end":{"line":16,"column":null}},"2":{"start":{"line":17,"column":28},"end":{"line":17,"column":null}},"3":{"start":{"line":18,"column":32},"end":{"line":18,"column":null}},"4":{"start":{"line":20,"column":23},"end":{"line":56,"column":null}},"5":{"start":{"line":21,"column":4},"end":{"line":21,"column":null}},"6":{"start":{"line":22,"column":4},"end":{"line":22,"column":null}},"7":{"start":{"line":24,"column":4},"end":{"line":27,"column":null}},"8":{"start":{"line":25,"column":6},"end":{"line":25,"column":null}},"9":{"start":{"line":26,"column":6},"end":{"line":26,"column":null}},"10":{"start":{"line":28,"column":4},"end":{"line":31,"column":null}},"11":{"start":{"line":29,"column":6},"end":{"line":29,"column":null}},"12":{"start":{"line":30,"column":6},"end":{"line":30,"column":null}},"13":{"start":{"line":33,"column":4},"end":{"line":33,"column":null}},"14":{"start":{"line":34,"column":4},"end":{"line":55,"column":null}},"15":{"start":{"line":35,"column":22},"end":{"line":35,"column":null}},"16":{"start":{"line":37,"column":23},"end":{"line":42,"column":null}},"17":{"start":{"line":44,"column":6},"end":{"line":47,"column":null}},"18":{"start":{"line":45,"column":21},"end":{"line":45,"column":null}},"19":{"start":{"line":46,"column":8},"end":{"line":46,"column":null}},"20":{"start":{"line":49,"column":26},"end":{"line":49,"column":null}},"21":{"start":{"line":50,"column":6},"end":{"line":50,"column":null}},"22":{"start":{"line":52,"column":6},"end":{"line":52,"column":null}},"23":{"start":{"line":54,"column":6},"end":{"line":54,"column":null}},"24":{"start":{"line":58,"column":2},"end":{"line":89,"column":null}},"25":{"start":{"line":71,"column":29},"end":{"line":71,"column":null}},"26":{"start":{"line":79,"column":29},"end":{"line":79,"column":null}}},"fnMap":{"0":{"name":"UserJoin","decl":{"start":{"line":14,"column":24},"end":{"line":14,"column":33}},"loc":{"start":{"line":14,"column":66},"end":{"line":91,"column":null}},"line":14},"1":{"name":"(anonymous_1)","decl":{"start":{"line":20,"column":23},"end":{"line":20,"column":30}},"loc":{"start":{"line":20,"column":53},"end":{"line":56,"column":null}},"line":20},"2":{"name":"(anonymous_2)","decl":{"start":{"line":71,"column":12},"end":{"line":71,"column":23}},"loc":{"start":{"line":71,"column":29},"end":{"line":71,"column":null}},"line":71},"3":{"name":"(anonymous_3)","decl":{"start":{"line":79,"column":12},"end":{"line":79,"column":23}},"loc":{"start":{"line":79,"column":29},"end":{"line":79,"column":null}},"line":79}},"branchMap":{"0":{"loc":{"start":{"line":24,"column":4},"end":{"line":27,"column":null}},"type":"if","locations":[{"start":{"line":24,"column":4},"end":{"line":27,"column":null}},{"start":{},"end":{}}],"line":24},"1":{"loc":{"start":{"line":28,"column":4},"end":{"line":31,"column":null}},"type":"if","locations":[{"start":{"line":28,"column":4},"end":{"line":31,"column":null}},{"start":{},"end":{}}],"line":28},"2":{"loc":{"start":{"line":44,"column":6},"end":{"line":47,"column":null}},"type":"if","locations":[{"start":{"line":44,"column":6},"end":{"line":47,"column":null}},{"start":{},"end":{}}],"line":44},"3":{"loc":{"start":{"line":46,"column":24},"end":{"line":46,"column":60}},"type":"binary-expr","locations":[{"start":{"line":46,"column":24},"end":{"line":46,"column":39}},{"start":{"line":46,"column":39},"end":{"line":46,"column":60}}],"line":46},"4":{"loc":{"start":{"line":52,"column":15},"end":{"line":52,"column":71}},"type":"cond-expr","locations":[{"start":{"line":52,"column":38},"end":{"line":52,"column":52}},{"start":{"line":52,"column":52},"end":{"line":52,"column":71}}],"line":52},"5":{"loc":{"start":{"line":84,"column":13},"end":{"line":84,"column":null}},"type":"cond-expr","locations":[{"start":{"line":84,"column":23},"end":{"line":84,"column":38}},{"start":{"line":84,"column":38},"end":{"line":84,"column":null}}],"line":84},"6":{"loc":{"start":{"line":87,"column":9},"end":{"line":87,"column":null}},"type":"binary-expr","locations":[{"start":{"line":87,"column":9},"end":{"line":87,"column":18}},{"start":{"line":87,"column":18},"end":{"line":87,"column":null}}],"line":87}},"s":{"0":15,"1":15,"2":15,"3":15,"4":15,"5":4,"6":4,"7":4,"8":1,"9":1,"10":3,"11":1,"12":1,"13":2,"14":2,"15":2,"16":2,"17":2,"18":0,"19":0,"20":2,"21":2,"22":0,"23":2,"24":15,"25":3,"26":2},"f":{"0":15,"1":4,"2":3,"3":2},"b":{"0":[1,3],"1":[1,2],"2":[0,2],"3":[0,0],"4":[0,0],"5":[2,13],"6":[15,3]},"meta":{"lastBranch":7,"lastFunction":4,"lastStatement":27,"seen":{"f:14:24:14:33":0,"s:15:34:15:Infinity":0,"s:16:38:16:Infinity":1,"s:17:28:17:Infinity":2,"s:18:32:18:Infinity":3,"s:20:23:56:Infinity":4,"f:20:23:20:30":1,"s:21:4:21:Infinity":5,"s:22:4:22:Infinity":6,"b:24:4:27:Infinity:undefined:undefined:undefined:undefined":0,"s:24:4:27:Infinity":7,"s:25:6:25:Infinity":8,"s:26:6:26:Infinity":9,"b:28:4:31:Infinity:undefined:undefined:undefined:undefined":1,"s:28:4:31:Infinity":10,"s:29:6:29:Infinity":11,"s:30:6:30:Infinity":12,"s:33:4:33:Infinity":13,"s:34:4:55:Infinity":14,"s:35:22:35:Infinity":15,"s:37:23:42:Infinity":16,"b:44:6:47:Infinity:undefined:undefined:undefined:undefined":2,"s:44:6:47:Infinity":17,"s:45:21:45:Infinity":18,"s:46:8:46:Infinity":19,"b:46:24:46:39:46:39:46:60":3,"s:49:26:49:Infinity":20,"s:50:6:50:Infinity":21,"s:52:6:52:Infinity":22,"b:52:38:52:52:52:52:52:71":4,"s:54:6:54:Infinity":23,"s:58:2:89:Infinity":24,"f:71:12:71:23":2,"s:71:29:71:Infinity":25,"f:79:12:79:23":3,"s:79:29:79:Infinity":26,"b:84:23:84:38:84:38:84:Infinity":5,"b:87:9:87:18:87:18:87:Infinity":6},"fnNames":{}}}
,"/Users/ricardo.pinho/projects/UncontrolledChat/frontend/src/media/media.ts": {"path":"/Users/ricardo.pinho/projects/UncontrolledChat/frontend/src/media/media.ts","statementMap":{"0":{"start":{"line":3,"column":31},"end":{"line":3,"column":null}},"1":{"start":{"line":4,"column":29},"end":{"line":4,"column":null}},"2":{"start":{"line":15,"column":12},"end":{"line":15,"column":null}},"3":{"start":{"line":16,"column":16},"end":{"line":16,"column":null}},"4":{"start":{"line":17,"column":2},"end":{"line":19,"column":null}},"5":{"start":{"line":17,"column":15},"end":{"line":17,"column":18}},"6":{"start":{"line":18,"column":4},"end":{"line":18,"column":null}},"7":{"start":{"line":20,"column":2},"end":{"line":20,"column":null}},"8":{"start":{"line":24,"column":14},"end":{"line":24,"column":null}},"9":{"start":{"line":25,"column":14},"end":{"line":25,"column":null}},"10":{"start":{"line":26,"column":2},"end":{"line":26,"column":null}},"11":{"start":{"line":26,"column":15},"end":{"line":26,"column":18}},"12":{"start":{"line":26,"column":39},"end":{"line":26,"column":null}},"13":{"start":{"line":27,"column":2},"end":{"line":27,"column":null}},"14":{"start":{"line":31,"column":2},"end":{"line":31,"column":null}},"15":{"start":{"line":39,"column":17},"end":{"line":39,"column":null}},"16":{"start":{"line":40,"column":32},"end":{"line":46,"column":null}},"17":{"start":{"line":47,"column":19},"end":{"line":47,"column":null}},"18":{"start":{"line":49,"column":2},"end":{"line":49,"column":null}},"19":{"start":{"line":56,"column":16},"end":{"line":56,"column":null}},"20":{"start":{"line":57,"column":18},"end":{"line":57,"column":null}},"21":{"start":{"line":58,"column":20},"end":{"line":58,"column":null}},"22":{"start":{"line":59,"column":15},"end":{"line":59,"column":null}},"23":{"start":{"line":60,"column":20},"end":{"line":60,"column":null}},"24":{"start":{"line":62,"column":2},"end":{"line":62,"column":null}},"25":{"start":{"line":66,"column":2},"end":{"line":66,"column":null}},"26":{"start":{"line":66,"column":19},"end":{"line":66,"column":null}},"27":{"start":{"line":67,"column":2},"end":{"line":67,"column":null}},"28":{"start":{"line":67,"column":26},"end":{"line":67,"column":null}},"29":{"start":{"line":69,"column":2},"end":{"line":69,"column":null}}},"fnMap":{"0":{"name":"bytesToB64","decl":{"start":{"line":14,"column":9},"end":{"line":14,"column":20}},"loc":{"start":{"line":14,"column":47},"end":{"line":21,"column":null}},"line":14},"1":{"name":"b64ToBytes","decl":{"start":{"line":23,"column":9},"end":{"line":23,"column":20}},"loc":{"start":{"line":23,"column":45},"end":{"line":28,"column":null}},"line":23},"2":{"name":"isAcceptedFile","decl":{"start":{"line":30,"column":16},"end":{"line":30,"column":31}},"loc":{"start":{"line":30,"column":52},"end":{"line":32,"column":null}},"line":30},"3":{"name":"encryptFile","decl":{"start":{"line":34,"column":22},"end":{"line":34,"column":null}},"loc":{"start":{"line":38,"column":19},"end":{"line":50,"column":null}},"line":38},"4":{"name":"decryptMedia","decl":{"start":{"line":52,"column":22},"end":{"line":52,"column":null}},"loc":{"start":{"line":55,"column":49},"end":{"line":63,"column":null}},"line":55},"5":{"name":"formatBytes","decl":{"start":{"line":65,"column":16},"end":{"line":65,"column":28}},"loc":{"start":{"line":65,"column":50},"end":{"line":70,"column":null}},"line":65}},"branchMap":{"0":{"loc":{"start":{"line":31,"column":9},"end":{"line":31,"column":null}},"type":"binary-expr","locations":[{"start":{"line":31,"column":9},"end":{"line":31,"column":43}},{"start":{"line":31,"column":43},"end":{"line":31,"column":null}}],"line":31},"1":{"loc":{"start":{"line":42,"column":10},"end":{"line":42,"column":null}},"type":"binary-expr","locations":[{"start":{"line":42,"column":10},"end":{"line":42,"column":23}},{"start":{"line":42,"column":23},"end":{"line":42,"column":null}}],"line":42},"2":{"loc":{"start":{"line":66,"column":2},"end":{"line":66,"column":null}},"type":"if","locations":[{"start":{"line":66,"column":2},"end":{"line":66,"column":null}},{"start":{},"end":{}}],"line":66},"3":{"loc":{"start":{"line":67,"column":2},"end":{"line":67,"column":null}},"type":"if","locations":[{"start":{"line":67,"column":2},"end":{"line":67,"column":null}},{"start":{},"end":{}}],"line":67}},"s":{"0":1,"1":1,"2":0,"3":0,"4":0,"5":0,"6":0,"7":0,"8":0,"9":0,"10":0,"11":0,"12":0,"13":0,"14":0,"15":0,"16":0,"17":0,"18":0,"19":0,"20":0,"21":0,"22":0,"23":0,"24":0,"25":1,"26":1,"27":0,"28":0,"29":0},"f":{"0":0,"1":0,"2":0,"3":0,"4":0,"5":1},"b":{"0":[0,0],"1":[0,0],"2":[1,0],"3":[0,0]},"meta":{"lastBranch":4,"lastFunction":6,"lastStatement":30,"seen":{"s:3:31:3:Infinity":0,"s:4:29:4:Infinity":1,"f:14:9:14:20":0,"s:15:12:15:Infinity":2,"s:16:16:16:Infinity":3,"s:17:2:19:Infinity":4,"s:17:15:17:18":5,"s:18:4:18:Infinity":6,"s:20:2:20:Infinity":7,"f:23:9:23:20":1,"s:24:14:24:Infinity":8,"s:25:14:25:Infinity":9,"s:26:2:26:Infinity":10,"s:26:15:26:18":11,"s:26:39:26:Infinity":12,"s:27:2:27:Infinity":13,"f:30:16:30:31":2,"s:31:2:31:Infinity":14,"b:31:9:31:43:31:43:31:Infinity":0,"f:34:22:34:Infinity":3,"s:39:17:39:Infinity":15,"s:40:32:46:Infinity":16,"b:42:10:42:23:42:23:42:Infinity":1,"s:47:19:47:Infinity":17,"s:49:2:49:Infinity":18,"f:52:22:52:Infinity":4,"s:56:16:56:Infinity":19,"s:57:18:57:Infinity":20,"s:58:20:58:Infinity":21,"s:59:15:59:Infinity":22,"s:60:20:60:Infinity":23,"s:62:2:62:Infinity":24,"f:65:16:65:28":5,"b:66:2:66:Infinity:undefined:undefined:undefined:undefined":2,"s:66:2:66:Infinity":25,"s:66:19:66:Infinity":26,"b:67:2:67:Infinity:undefined:undefined:undefined:undefined":3,"s:67:2:67:Infinity":27,"s:67:26:67:Infinity":28,"s:69:2:69:Infinity":29},"fnNames":{}}}
}
